<?xml version="1.0" encoding="UTF-8"?>
<!-- Generated by org.testng.reporters.JUnitXMLReporter -->
<testsuite ignored="0" hostname="DESKTOP-0MS46UJ" failures="0" tests="3" name="Default test" time="78.431" errors="0" timestamp="08 Sep 2020 16:44:51 GMT">
  <testcase classname="Test.TestCoinMarketApplication" name="testCurrencyChange" time="3.696"/>
  <testcase classname="Test.TestCoinMarketApplication" name="testCoinMarketTabs" time="38.987"/>
  <testcase classname="Test.TestCoinMarketApplication" name="testToggleTheme" time="1.396"/>
</testsuite> <!-- Default test -->
