<?xml version="1.0" encoding="UTF-8"?>
<testng-results ignored="0" total="3" passed="3" failed="0" skipped="0">
  <reporter-output>
  </reporter-output>
  <suite started-at="2020-09-08T16:43:31Z" name="Default suite" finished-at="2020-09-08T16:44:49Z" duration-ms="78431">
    <groups>
    </groups>
    <test started-at="2020-09-08T16:43:31Z" name="Default test" finished-at="2020-09-08T16:44:49Z" duration-ms="78431">
      <class name="Test.TestCoinMarketApplication">
        <test-method is-config="true" signature="launchBrowser()[pri:0, instance:Test.TestCoinMarketApplication@43301423]" started-at="2020-09-08T16:43:31Z" name="launchBrowser" finished-at="2020-09-08T16:44:02Z" duration-ms="31411" status="PASS">
          <reporter-output>
          </reporter-output>
        </test-method> <!-- launchBrowser -->
        <test-method signature="testCurrencyChange()[pri:0, instance:Test.TestCoinMarketApplication@43301423]" started-at="2020-09-08T16:44:02Z" name="testCurrencyChange" finished-at="2020-09-08T16:44:06Z" duration-ms="3696" status="PASS">
          <reporter-output>
          </reporter-output>
        </test-method> <!-- testCurrencyChange -->
        <test-method signature="testCoinMarketTabs()[pri:1, instance:Test.TestCoinMarketApplication@43301423]" started-at="2020-09-08T16:44:06Z" name="testCoinMarketTabs" finished-at="2020-09-08T16:44:45Z" duration-ms="38987" status="PASS">
          <reporter-output>
          </reporter-output>
        </test-method> <!-- testCoinMarketTabs -->
        <test-method signature="testToggleTheme()[pri:2, instance:Test.TestCoinMarketApplication@43301423]" started-at="2020-09-08T16:44:45Z" name="testToggleTheme" finished-at="2020-09-08T16:44:46Z" duration-ms="1396" status="PASS">
          <reporter-output>
          </reporter-output>
        </test-method> <!-- testToggleTheme -->
        <test-method is-config="true" signature="closeBrowser()[pri:0, instance:Test.TestCoinMarketApplication@43301423]" started-at="2020-09-08T16:44:46Z" name="closeBrowser" finished-at="2020-09-08T16:44:49Z" duration-ms="2825" status="PASS">
          <reporter-output>
          </reporter-output>
        </test-method> <!-- closeBrowser -->
      </class> <!-- Test.TestCoinMarketApplication -->
    </test> <!-- Default test -->
  </suite> <!-- Default suite -->
</testng-results>
